<?xml version="1.0" encoding="UTF-8"?>
<!-- Generated by org.testng.reporters.JUnitXMLReporter -->
<testsuite hostname="DESKTOP-N9AQS5S" ignored="2" name="Default test" tests="1" failures="0" timestamp="22 May 2019 09:21:13 GMT" time="11.823" errors="0">
  <testcase name="test_InvalidLogIN" time="11.803" classname="pages.Loginpage"/>
  <testcase name="test_LogIN" time="0.0" classname="pages.Loginpage">
    <ignored/>
  </testcase> <!-- test_LogIN -->
  <testcase name="test_LogOUT" time="0.0" classname="pages.Loginpage">
    <ignored/>
  </testcase> <!-- test_LogOUT -->
</testsuite> <!-- Default test -->
